#
# There is insufficient memory for the Java Runtime Environment to continue.
# Native memory allocation (mmap) failed to map 266338304 bytes for G1 virtual space
# Possible reasons:
#   The system is out of physical RAM or swap space
#   The process is running with CompressedOops enabled, and the Java Heap may be blocking the growth of the native heap
# Possible solutions:
#   Reduce memory load on the system
#   Increase physical memory or swap space
#   Check if swap backing store is full
#   Decrease Java heap size (-Xmx/-Xms)
#   Decrease number of Java threads
#   Decrease Java thread stack sizes (-Xss)
#   Set larger code cache with -XX:ReservedCodeCacheSize=
#   JVM is running with Zero Based Compressed Oops mode in which the Java heap is
#     placed in the first 32GB address space. The Java Heap base address is the
#     maximum limit for the native heap growth. Please use -XX:HeapBaseMinAddress
#     to set the Java Heap base and to place the Java Heap above 32GB virtual address.
# This output file may be truncated or incomplete.
#
#  Out of Memory Error (./open/src/hotspot/os/windows/os_windows.cpp:3321), pid=28656, tid=35480
#
# JRE version:  (15.0.2+7) (build )
# Java VM: OpenJDK 64-Bit Server VM (15.0.2+7-27, mixed mode, sharing, tiered, compressed oops, g1 gc, windows-amd64)
# No core dump will be written. Minidumps are not enabled by default on client versions of Windows
#

---------------  S U M M A R Y ------------

Command Line: -XX:TieredStopAtLevel=1 -Xverify:none -Dspring.output.ansi.enabled=always -javaagent:C:\Program Files\JetBrains\IntelliJ IDEA 2021.1\lib\idea_rt.jar=63639:C:\Program Files\JetBrains\IntelliJ IDEA 2021.1\bin -Dcom.sun.management.jmxremote -Dspring.jmx.enabled=true -Dspring.liveBeansView.mbeanDomain -Dspring.application.admin.enabled=true -Dfile.encoding=UTF-8 cz.cvut.fel.ear.library.Library

Host: Intel(R) Core(TM) i7-9750H CPU @ 2.60GHz, 12 cores, 15G,  Windows 10 , 64 bit Build 19041 (10.0.19041.1348)
Time: Thu Dec 23 21:07:52 2021 Støední Evropa (bìžný èas) elapsed time: 0.016055 seconds (0d 0h 0m 0s)

---------------  T H R E A D  ---------------

Current thread (0x000002322c29db00):  JavaThread "Unknown thread" [_thread_in_vm, id=35480, stack(0x00000086cca00000,0x00000086ccb00000)]

Stack: [0x00000086cca00000,0x00000086ccb00000]
Native frames: (J=compiled Java code, j=interpreted, Vv=VM code, C=native code)
V  [jvm.dll+0x62ae9a]
V  [jvm.dll+0x7817a9]
V  [jvm.dll+0x782f03]
V  [jvm.dll+0x783563]
V  [jvm.dll+0x216325]
V  [jvm.dll+0x6281d9]
V  [jvm.dll+0x61cf55]
V  [jvm.dll+0x2cffdd]
V  [jvm.dll+0x2cfe42]
V  [jvm.dll+0x2d5e1c]
V  [jvm.dll+0x32590a]
V  [jvm.dll+0x324fd4]
V  [jvm.dll+0x2a6f5a]
V  [jvm.dll+0x2a80f8]
V  [jvm.dll+0x75e241]
V  [jvm.dll+0x3341c4]
V  [jvm.dll+0x73e926]
V  [jvm.dll+0x3b7557]
V  [jvm.dll+0x3b8fe1]
C  [jli.dll+0x52fb]
C  [ucrtbase.dll+0x21bb2]
C  [KERNEL32.DLL+0x17034]
C  [ntdll.dll+0x52651]


---------------  P R O C E S S  ---------------

Threads class SMR info:
_java_thread_list=0x00007fffb3d04ff0, length=0, elements={
}

Java Threads: ( => current thread )

Other Threads:
  0x000002322c2ef130 GCTaskThread "GC Thread#0" [stack: 0x00000086ccb00000,0x00000086ccc00000] [id=13056]
  0x000002322c300000 ConcurrentGCThread "G1 Main Marker" [stack: 0x00000086ccc00000,0x00000086ccd00000] [id=9748]
  0x000002322c300bf0 ConcurrentGCThread "G1 Conc#0" [stack: 0x00000086ccd00000,0x00000086cce00000] [id=40644]

[error occurred during error reporting (printing all threads), id 0xc0000005, EXCEPTION_ACCESS_VIOLATION (0xc0000005) at pc=0x00007fffb34f7e27]

VM state: not at safepoint (not fully initialized)

VM Mutex/Monitor currently owned by a thread:  ([mutex/lock_event])
[0x000002322c2996f0] Heap_lock - owner thread: 0x000002322c29db00

Heap address: 0x0000000702800000, size: 4056 MB, Compressed Oops mode: Zero based, Oop shift amount: 3
CDS archive(s) mapped at: [0x0000000000000000-0x0000000000000000-0x0000000000000000), size 0, SharedBaseAddress: 0x0000000800000000, ArchiveRelocationMode: 0.
Narrow klass base: 0x0000000000000000, Narrow klass shift: 0, Narrow klass range: 0x0

Heap:
 garbage-first heap   total 260096K, used 0K [0x0000000702800000, 0x0000000800000000)
  region size 2048K, 0 young (0K), 0 survivors (0K)
 Metaspace       used 0K, capacity 0K, committed 0K, reserved 0K
  class space    used 0K, capacity 0K, committed 0K, reserved 0K

Heap Regions: E=young(eden), S=young(survivor), O=old, HS=humongous(starts), HC=humongous(continues), CS=collection set, F=free, OA=open archive, CA=closed archive, TAMS=top-at-mark-start (previous, next)

Card table byte_map: [0x0000023244210000,0x0000023244a00000] _byte_map_base: 0x00000232409fc000

Marking Bits (Prev, Next): (CMBitMap*) 0x000002322c2ef920, (CMBitMap*) 0x000002322c2ef960
 Prev Bits: [0x00000232451f0000, 0x0000023249150000)
 Next Bits: [0x0000023249150000, 0x000002324d0b0000)

GC Heap History (0 events):
No events

Deoptimization events (0 events):
No events

Classes unloaded (0 events):
No events

Classes redefined (0 events):
No events

Internal exceptions (0 events):
No events

Events (1 events):
Event: 0.009 Loaded shared library C:\Users\honul\.jdks\openjdk-15.0.2\bin\java.dll


Dynamic libraries:
0x00007ff6b9b40000 - 0x00007ff6b9b4d000 	C:\Users\honul\.jdks\openjdk-15.0.2\bin\java.exe
0x00007ff81b010000 - 0x00007ff81b205000 	C:\WINDOWS\SYSTEM32\ntdll.dll
0x00007ff81ac80000 - 0x00007ff81ad3e000 	C:\WINDOWS\System32\KERNEL32.DLL
0x00007ff818d10000 - 0x00007ff818fd8000 	C:\WINDOWS\System32\KERNELBASE.dll
0x00007ff818bb0000 - 0x00007ff818cb0000 	C:\WINDOWS\System32\ucrtbase.dll
0x00007ff8130a0000 - 0x00007ff8130b9000 	C:\Users\honul\.jdks\openjdk-15.0.2\bin\VCRUNTIME140.dll
0x00007ff8130f0000 - 0x00007ff813108000 	C:\Users\honul\.jdks\openjdk-15.0.2\bin\jli.dll
0x00007ff81a1c0000 - 0x00007ff81a361000 	C:\WINDOWS\System32\USER32.dll
0x00007ff803000000 - 0x00007ff80329a000 	C:\WINDOWS\WinSxS\amd64_microsoft.windows.common-controls_6595b64144ccf1df_6.0.19041.1110_none_60b5254171f9507e\COMCTL32.dll
0x00007ff818fe0000 - 0x00007ff819002000 	C:\WINDOWS\System32\win32u.dll
0x00007ff81abd0000 - 0x00007ff81ac6e000 	C:\WINDOWS\System32\msvcrt.dll
0x00007ff81a100000 - 0x00007ff81a12b000 	C:\WINDOWS\System32\GDI32.dll
0x00007ff818730000 - 0x00007ff81883b000 	C:\WINDOWS\System32\gdi32full.dll
0x00007ff8188f0000 - 0x00007ff81898d000 	C:\WINDOWS\System32\msvcp_win.dll
0x00007ff81af30000 - 0x00007ff81af60000 	C:\WINDOWS\System32\IMM32.DLL
0x00007ff813d70000 - 0x00007ff813d7c000 	C:\Users\honul\.jdks\openjdk-15.0.2\bin\vcruntime140_1.dll
0x00007fffe2a70000 - 0x00007fffe2b01000 	C:\Users\honul\.jdks\openjdk-15.0.2\bin\msvcp140.dll
0x00007fffb3240000 - 0x00007fffb3d9e000 	C:\Users\honul\.jdks\openjdk-15.0.2\bin\server\jvm.dll
0x00007ff819080000 - 0x00007ff81912c000 	C:\WINDOWS\System32\ADVAPI32.dll
0x00007ff819430000 - 0x00007ff8194cb000 	C:\WINDOWS\System32\sechost.dll
0x00007ff81ad40000 - 0x00007ff81ae6a000 	C:\WINDOWS\System32\RPCRT4.dll
0x00007ff81ac70000 - 0x00007ff81ac78000 	C:\WINDOWS\System32\PSAPI.DLL
0x00007ff811110000 - 0x00007ff81111a000 	C:\WINDOWS\SYSTEM32\VERSION.dll
0x00007ff805cd0000 - 0x00007ff805cd9000 	C:\WINDOWS\SYSTEM32\WSOCK32.dll
0x00007ff802350000 - 0x00007ff802377000 	C:\WINDOWS\SYSTEM32\WINMM.dll
0x00007ff81af60000 - 0x00007ff81afcb000 	C:\WINDOWS\System32\WS2_32.dll
0x00007ff816fa0000 - 0x00007ff816fb2000 	C:\WINDOWS\SYSTEM32\kernel.appcore.dll
0x00007ff813090000 - 0x00007ff81309a000 	C:\Users\honul\.jdks\openjdk-15.0.2\bin\jimage.dll
0x00007ff816c30000 - 0x00007ff816e14000 	C:\WINDOWS\SYSTEM32\DBGHELP.DLL
0x00007ffffe3f0000 - 0x00007ffffe41c000 	C:\WINDOWS\SYSTEM32\dbgcore.DLL
0x00007ff818990000 - 0x00007ff818a13000 	C:\WINDOWS\System32\bcryptPrimitives.dll
0x00007ff813080000 - 0x00007ff81308e000 	C:\Users\honul\.jdks\openjdk-15.0.2\bin\instrument.dll
0x00007ff808ca0000 - 0x00007ff808cc5000 	C:\Users\honul\.jdks\openjdk-15.0.2\bin\java.dll

dbghelp: loaded successfully - version: 4.0.5 - missing functions: none
symbol engine: initialized successfully - sym options: 0x614 - pdb path: .;C:\Users\honul\.jdks\openjdk-15.0.2\bin;C:\WINDOWS\SYSTEM32;C:\WINDOWS\WinSxS\amd64_microsoft.windows.common-controls_6595b64144ccf1df_6.0.19041.1110_none_60b5254171f9507e;C:\Users\honul\.jdks\openjdk-15.0.2\bin\server

VM Arguments:
jvm_args: -XX:TieredStopAtLevel=1 -Xverify:none -Dspring.output.ansi.enabled=always -javaagent:C:\Program Files\JetBrains\IntelliJ IDEA 2021.1\lib\idea_rt.jar=63639:C:\Program Files\JetBrains\IntelliJ IDEA 2021.1\bin -Dcom.sun.management.jmxremote -Dspring.jmx.enabled=true -Dspring.liveBeansView.mbeanDomain -Dspring.application.admin.enabled=true -Dfile.encoding=UTF-8 
java_command: cz.cvut.fel.ear.library.Library
java_class_path (initial): C:\Users\honul\Desktop\Skola\3. semestr\EAR\PrivateLibrary\Checkpoint01\ear-semester-work\implementation\target\classes;C:\Users\honul\.m2\repository\org\springframework\boot\spring-boot-starter-web\2.5.4\spring-boot-starter-web-2.5.4.jar;C:\Users\honul\.m2\repository\org\springframework\boot\spring-boot-starter\2.5.4\spring-boot-starter-2.5.4.jar;C:\Users\honul\.m2\repository\org\springframework\boot\spring-boot\2.5.4\spring-boot-2.5.4.jar;C:\Users\honul\.m2\repository\org\springframework\boot\spring-boot-autoconfigure\2.5.4\spring-boot-autoconfigure-2.5.4.jar;C:\Users\honul\.m2\repository\org\springframework\boot\spring-boot-starter-logging\2.5.4\spring-boot-starter-logging-2.5.4.jar;C:\Users\honul\.m2\repository\org\apache\logging\log4j\log4j-to-slf4j\2.14.1\log4j-to-slf4j-2.14.1.jar;C:\Users\honul\.m2\repository\org\apache\logging\log4j\log4j-api\2.14.1\log4j-api-2.14.1.jar;C:\Users\honul\.m2\repository\org\slf4j\jul-to-slf4j\1.7.32\jul-to-slf4j-1.7.32.jar;C:\Users\honul\.m2\repository\jakarta\annotation\jakarta.annotation-api\1.3.5\jakarta.annotation-api-1.3.5.jar;C:\Users\honul\.m2\repository\org\yaml\snakeyaml\1.28\snakeyaml-1.28.jar;C:\Users\honul\.m2\repository\org\springframework\boot\spring-boot-starter-json\2.5.4\spring-boot-starter-json-2.5.4.jar;C:\Users\honul\.m2\repository\com\fasterxml\jackson\core\jackson-databind\2.12.4\jackson-databind-2.12.4.jar;C:\Users\honul\.m2\repository\com\fasterxml\jackson\core\jackson-annotations\2.12.4\jackson-annotations-2.12.4.jar;C:\Users\honul\.m2\repository\com\fasterxml\jackson\core\jackson-core\2.12.4\jackson-core-2.12.4.jar;C:\Users\honul\.m2\repository\com\fasterxml\jackson\datatype\jackson-datatype-jdk8\2.12.4\jackson-datatype-jdk8-2.12.4.jar;C:\Users\honul\.m2\repository\com\fasterxml\jackson\datatype\jackson-datatype-jsr310\2.12.4\jackson-datatype-jsr310-2.12.4.jar;C:\Users\honul\.m2\repository\com\fasterxml\jackson\module\jackson-module-parameter-names\2.12.4\jackson-module-para
Launcher Type: SUN_STANDARD

[Global flags]
     intx CICompilerCount                          = 4                                         {product} {ergonomic}
     uint ConcGCThreads                            = 3                                         {product} {ergonomic}
     uint G1ConcRefinementThreads                  = 10                                        {product} {ergonomic}
   size_t G1HeapRegionSize                         = 2097152                                   {product} {ergonomic}
    uintx GCDrainStackTargetSize                   = 64                                        {product} {ergonomic}
   size_t InitialHeapSize                          = 266338304                                 {product} {ergonomic}
     bool ManagementServer                         = true                                      {product} {command line}
   size_t MarkStackSize                            = 4194304                                   {product} {ergonomic}
   size_t MaxHeapSize                              = 4253024256                                {product} {ergonomic}
   size_t MinHeapDeltaBytes                        = 2097152                                   {product} {ergonomic}
   size_t MinHeapSize                              = 8388608                                   {product} {ergonomic}
    uintx NonNMethodCodeHeapSize                   = 7549744                                {pd product} {ergonomic}
    uintx NonProfiledCodeHeapSize                  = 244108496                              {pd product} {ergonomic}
    uintx ProfiledCodeHeapSize                     = 0                                      {pd product} {ergonomic}
    uintx ReservedCodeCacheSize                    = 251658240                              {pd product} {ergonomic}
     bool SegmentedCodeCache                       = true                                      {product} {ergonomic}
   size_t SoftMaxHeapSize                          = 4253024256                             {manageable} {ergonomic}
     intx TieredStopAtLevel                        = 1                                         {product} {command line}
     bool UseCompressedClassPointers               = true                                 {lp64_product} {ergonomic}
     bool UseCompressedOops                        = true                                 {lp64_product} {ergonomic}
     bool UseG1GC                                  = true                                      {product} {ergonomic}
     bool UseLargePagesIndividualAllocation        = false                                  {pd product} {ergonomic}

Logging:
Log output configuration:
 #0: stdout all=warning uptime,level,tags
 #1: stderr all=off uptime,level,tags

Environment Variables:
JAVA_HOME=C:\Users\honul\AppData\Local\Programs\AdoptOpenJDK\jdk-11.0.10.9-hotspot\
PATH=C:\Program Files (x86)\Common Files\Oracle\Java\javapath;C:\Windows\system32;C:\Windows;C:\Windows\System32\Wbem;C:\Windows\System32\WindowsPowerShell\v1.0\;C:\Windows\System32\OpenSSH\;C:\Program Files\NVIDIA Corporation\NVIDIA NvDLISR;C:\Program Files\PuTTY\;C:\ffmpeg\bin;C:\eda\GTK\bin;C:\eda\GHDL\bin;C:\Program Files (x86)\Common Files\lenovo\easyplussdk\bin;C:\eda\Java;C:\Program Files\Git\cmd;C:\Program Files (x86)\NVIDIA Corporation\PhysX\Common;C:\WINDOWS\system32;C:\WINDOWS;C:\WINDOWS\System32\Wbem;C:\WINDOWS\System32\WindowsPowerShell\v1.0\;C:\WINDOWS\System32\OpenSSH\;C:\Program Files\SceneBuilder;C:\Program Files\Java\jdk-15.0.2\bin;C:\Program Files\CMake\bin;C:\Users\honul\AppData\Local\Programs\AdoptOpenJDK\jdk-11.0.10.9-hotspot\bin;C:\Users\honul\AppData\Local\Microsoft\WindowsApps;C:\Users\honul\AppData\Local\Programs\Microsoft VS Code\bin;C:\ffmpeg\bin;;C:\Program Files\JetBrains\IntelliJ IDEA Community Edition 2020.3.2\bin;;C:\Program Files (x86)\Dr. Memory\bin\;C:\Program Files\JetBrains\CLion 2021.3\bin;
USERNAME=honul
OS=Windows_NT
PROCESSOR_IDENTIFIER=Intel64 Family 6 Model 158 Stepping 10, GenuineIntel



---------------  S Y S T E M  ---------------

OS:
 Windows 10 , 64 bit Build 19041 (10.0.19041.1348)
OS uptime: 9 days 0:13 hours

CPU: total 12 (initial active 12) (6 cores per cpu, 2 threads per core) family 6 model 158 stepping 10 microcode 0xcc, cmov, cx8, fxsr, mmx, sse, sse2, sse3, ssse3, sse4.1, sse4.2, popcnt, vzeroupper, avx, avx2, aes, clmul, erms, 3dnowpref, lzcnt, ht, tsc, tscinvbit, bmi1, bmi2, adx, fma, clflush, clflushopt

Memory: 4k page, system-wide physical 16221M (2956M free)
TotalPageFile size 28221M (AvailPageFile size 223M)
current process WorkingSet (physical memory assigned to process): 10M, peak: 10M
current process commit charge ("private bytes"): 62M, peak: 315M

vm_info: OpenJDK 64-Bit Server VM (15.0.2+7-27) for windows-amd64 JRE (15.0.2+7-27), built on Dec  7 2020 20:02:38 by "mach5one" with unknown MS VC++:1925

END.
